2016/09/10 09:16:34 [error] [exception.CHttpException.404] exception 'CHttpException' with message 'Unable to resolve the request "css/fonts/fontawesome-webfont.woff2".' in F:\Master\web_yii1\framework\web\CWebApplication.php:286
Stack trace:
#0 F:\Master\web_yii1\framework\web\CWebApplication.php(141): CWebApplication->runController('css/fonts/fonta...')
#1 F:\Master\web_yii1\framework\base\CApplication.php(184): CWebApplication->processRequest()
#2 F:\Master\web_yii1\smarthome\index.php(13): CApplication->run()
#3 {main}
REQUEST_URI=/master/css/fonts/fontawesome-webfont.woff2?v=4.6.2
HTTP_REFERER=http://localhost/master/css/font-awesome/font-awesome.min.css
---
2016/09/10 09:56:47 [error] [exception.CHttpException.404] exception 'CHttpException' with message 'Unable to resolve the request "css/fonts/fontawesome-webfont.woff2".' in F:\Master\web_yii1\framework\web\CWebApplication.php:286
Stack trace:
#0 F:\Master\web_yii1\framework\web\CWebApplication.php(141): CWebApplication->runController('css/fonts/fonta...')
#1 F:\Master\web_yii1\framework\base\CApplication.php(184): CWebApplication->processRequest()
#2 F:\Master\web_yii1\smarthome\index.php(13): CApplication->run()
#3 {main}
REQUEST_URI=/master/css/fonts/fontawesome-webfont.woff2?v=4.6.2
HTTP_REFERER=http://localhost/master/css/font-awesome/font-awesome.min.css
---
2016/10/09 07:31:04 [error] [exception.CHttpException.404] exception 'CHttpException' with message 'Unable to resolve the request "css/fonts/fontawesome-webfont.woff2".' in F:\Master\web_yii1\framework\web\CWebApplication.php:286
Stack trace:
#0 F:\Master\web_yii1\framework\web\CWebApplication.php(141): CWebApplication->runController('css/fonts/fonta...')
#1 F:\Master\web_yii1\framework\base\CApplication.php(184): CWebApplication->processRequest()
#2 F:\Master\web_yii1\smarthome\index.php(13): CApplication->run()
#3 {main}
REQUEST_URI=/master/css/fonts/fontawesome-webfont.woff2?v=4.6.2
HTTP_REFERER=http://localhost/master/css/font-awesome/font-awesome.min.css
---
2016/10/09 07:34:23 [error] [exception.CHttpException.404] exception 'CHttpException' with message 'Unable to resolve the request "css/fonts/fontawesome-webfont.woff2".' in F:\Master\web_yii1\framework\web\CWebApplication.php:286
Stack trace:
#0 F:\Master\web_yii1\framework\web\CWebApplication.php(141): CWebApplication->runController('css/fonts/fonta...')
#1 F:\Master\web_yii1\framework\base\CApplication.php(184): CWebApplication->processRequest()
#2 F:\Master\web_yii1\smarthome\index.php(13): CApplication->run()
#3 {main}
REQUEST_URI=/master/css/fonts/fontawesome-webfont.woff2?v=4.6.2
HTTP_REFERER=http://localhost/master/css/font-awesome/font-awesome.min.css
---
